<?xml version="1.0" encoding="UTF-8"?>
<!-- Generated by org.testng.reporters.JUnitReportReporter -->
<testsuite hostname="DESKTOP-7G32B3B" failures="0" tests="1" name="script.ValidLogin" time="13.325" errors="0" timestamp="2023-06-26T08:43:58 IST" skipped="0">
  <testcase classname="script.ValidLogin" name="testValidLogin" time="13.325">
    <system-out>
      <![CDATA[Home Page is Displayed]]>
    </system-out>
  </testcase> <!-- testValidLogin -->
  <system-out>
    <![CDATA[Home Page is Displayed]]>
  </system-out>
</testsuite> <!-- script.ValidLogin -->
